app/build/intermediates/manifest_merge_blame_file/debug/processDebugMainManifest/manifest-merger-blame-debug-report.txt
1<?xml version="1.0" encoding="utf-8"?>
2<manifest xmlns:android="http://schemas.android.com/apk/res/android"
3    package="com.rahat"
4    android:versionCode="1"
5    android:versionName="1.0" >
6
7    <uses-sdk
8        android:minSdkVersion="24"
9        android:targetSdkVersion="34" />
10
11    <uses-permission android:name="android.permission.INTERNET" />
11-->src\main\AndroidManifest.xml:3:5-67
11-->src\main\AndroidManifest.xml:3:22-64
12    <uses-permission android:name="android.permission.ACCESS_FINE_LOCATION" />
12-->src\main\AndroidManifest.xml:4:5-79
12-->src\main\AndroidManifest.xml:4:22-76
13    <uses-permission android:name="android.permission.ACCESS_COARSE_LOCATION" />
13-->src\main\AndroidManifest.xml:5:5-81
13-->src\main\AndroidManifest.xml:5:22-78
14    <uses-permission android:name="android.permission.VIBRATE" />
14-->src\main\AndroidManifest.xml:6:5-66
14-->src\main\AndroidManifest.xml:6:22-63
15    <uses-permission android:name="android.permission.SEND_SMS" />
15-->src\main\AndroidManifest.xml:7:5-67
15-->src\main\AndroidManifest.xml:7:22-64
16    <uses-permission android:name="android.permission.CALL_PHONE" />
16-->src\main\AndroidManifest.xml:8:5-69
16-->src\main\AndroidManifest.xml:8:22-66
17    <uses-permission android:name="android.permission.BLUETOOTH" />
17-->src\main\AndroidManifest.xml:9:5-68
17-->src\main\AndroidManifest.xml:9:22-65
18    <uses-permission android:name="android.permission.BLUETOOTH_ADMIN" />
18-->src\main\AndroidManifest.xml:10:5-74
18-->src\main\AndroidManifest.xml:10:22-71
19    <uses-permission
19-->src\main\AndroidManifest.xml:11:5-120
20        android:name="android.permission.BLUETOOTH_SCAN"
20-->src\main\AndroidManifest.xml:11:22-70
21        android:usesPermissionFlags="neverForLocation" />
21-->src\main\AndroidManifest.xml:11:71-117
22    <uses-permission android:name="android.permission.BLUETOOTH_ADVERTISE" />
22-->src\main\AndroidManifest.xml:12:5-78
22-->src\main\AndroidManifest.xml:12:22-75
23    <uses-permission android:name="android.permission.BLUETOOTH_CONNECT" />
23-->src\main\AndroidManifest.xml:13:5-76
23-->src\main\AndroidManifest.xml:13:22-73
24    <uses-permission android:name="android.permission.FOREGROUND_SERVICE" />
24-->src\main\AndroidManifest.xml:14:5-77
24-->src\main\AndroidManifest.xml:14:22-74
25    <uses-permission android:name="android.permission.FOREGROUND_SERVICE_CONNECTED_DEVICE" />
25-->src\main\AndroidManifest.xml:15:5-94
25-->src\main\AndroidManifest.xml:15:22-91
26    <uses-permission android:name="android.permission.FOREGROUND_SERVICE_LOCATION" />
26-->src\main\AndroidManifest.xml:16:5-86
26-->src\main\AndroidManifest.xml:16:22-83
27    <uses-permission android:name="android.permission.POST_NOTIFICATIONS" />
27-->src\main\AndroidManifest.xml:17:5-77
27-->src\main\AndroidManifest.xml:17:22-74
28    <uses-permission android:name="android.permission.READ_CONTACTS" />
28-->src\main\AndroidManifest.xml:18:5-72
28-->src\main\AndroidManifest.xml:18:22-69
29    <uses-permission android:name="android.permission.ACCESS_NETWORK_STATE" />
29-->[com.microsoft.identity.client:msal:5.1.0] AndroidManifest.xml:8:5-79
29-->[com.microsoft.identity.client:msal:5.1.0] AndroidManifest.xml:8:22-76
30    <!--
31     Required for API Level 30 to make sure we can detect browsers and other apps we want to
32     be able to talk to.
33    -->
34    <!-- https://developer.android.com/training/basics/intents/package-visibility-use-cases -->
35    <queries>
35-->[com.microsoft.identity:common:17.1.0] AndroidManifest.xml:17:5-41:15
36        <package android:name="com.azure.authenticator" />
36-->[com.microsoft.identity:common:17.1.0] AndroidManifest.xml:18:9-59
36-->[com.microsoft.identity:common:17.1.0] AndroidManifest.xml:18:18-56
37        <package android:name="com.microsoft.identity.testuserapp" />
37-->[com.microsoft.identity:common:17.1.0] AndroidManifest.xml:19:9-70
37-->[com.microsoft.identity:common:17.1.0] AndroidManifest.xml:19:18-67
38        <package android:name="com.microsoft.windowsintune.companyportal" />
38-->[com.microsoft.identity:common:17.1.0] AndroidManifest.xml:20:9-77
38-->[com.microsoft.identity:common:17.1.0] AndroidManifest.xml:20:18-74
39        <package android:name="com.microsoft.mockauthapp" />
39-->[com.microsoft.identity:common:17.1.0] AndroidManifest.xml:21:9-61
39-->[com.microsoft.identity:common:17.1.0] AndroidManifest.xml:21:18-58
40        <package android:name="com.microsoft.mockcp" />
40-->[com.microsoft.identity:common:17.1.0] AndroidManifest.xml:22:9-56
40-->[com.microsoft.identity:common:17.1.0] AndroidManifest.xml:22:18-53
41        <package android:name="com.microsoft.mockltw" />
41-->[com.microsoft.identity:common:17.1.0] AndroidManifest.xml:23:9-57
41-->[com.microsoft.identity:common:17.1.0] AndroidManifest.xml:23:18-54
42        <package android:name="com.microsoft.appmanager" />
42-->[com.microsoft.identity:common:17.1.0] AndroidManifest.xml:24:9-60
42-->[com.microsoft.identity:common:17.1.0] AndroidManifest.xml:24:18-57
43        <!--
44        Required for API Level 30 to make sure we can detect browsers
45        (that don't support custom tabs)
46        -->
47        <intent>
47-->[com.microsoft.identity:common:17.1.0] AndroidManifest.xml:29:9-35:18
48            <action android:name="android.intent.action.VIEW" />
48-->src\main\AndroidManifest.xml:59:15-67
48-->src\main\AndroidManifest.xml:59:23-64
49
50            <category android:name="android.intent.category.BROWSABLE" />
50-->src\main\AndroidManifest.xml:61:15-76
50-->src\main\AndroidManifest.xml:61:25-73
51
52            <data android:scheme="https" />
52-->src\main\AndroidManifest.xml:62:15-64:59
52-->src\main\AndroidManifest.xml:62:21-44
53        </intent>
54        <!-- Required for API Level 30 to make sure we can detect browsers that support custom tabs -->
55        <!-- https://developers.google.com/web/updates/2020/07/custom-tabs-android-11#detecting_browsers_that_support_custom_tabs -->
56        <intent>
56-->[com.microsoft.identity:common:17.1.0] AndroidManifest.xml:38:9-40:18
57            <action android:name="android.support.customtabs.action.CustomTabsService" />
57-->[com.microsoft.identity:common:17.1.0] AndroidManifest.xml:39:13-90
57-->[com.microsoft.identity:common:17.1.0] AndroidManifest.xml:39:21-87
58        </intent>
59    </queries>
60
61    <permission
61-->[androidx.core:core:1.12.0] AndroidManifest.xml:22:5-24:47
62        android:name="com.rahat.DYNAMIC_RECEIVER_NOT_EXPORTED_PERMISSION"
62-->[androidx.core:core:1.12.0] AndroidManifest.xml:23:9-81
63        android:protectionLevel="signature" />
63-->[androidx.core:core:1.12.0] AndroidManifest.xml:24:9-44
64
65    <uses-permission android:name="com.rahat.DYNAMIC_RECEIVER_NOT_EXPORTED_PERMISSION" />
65-->[androidx.core:core:1.12.0] AndroidManifest.xml:26:5-97
65-->[androidx.core:core:1.12.0] AndroidManifest.xml:26:22-94
66
67    <supports-screens
67-->[org.osmdroid:osmdroid-android:6.1.18] AndroidManifest.xml:9:5-12:40
68        android:anyDensity="true"
68-->[org.osmdroid:osmdroid-android:6.1.18] AndroidManifest.xml:10:9-34
69        android:largeScreens="true"
69-->[org.osmdroid:osmdroid-android:6.1.18] AndroidManifest.xml:11:9-36
70        android:normalScreens="true" />
70-->[org.osmdroid:osmdroid-android:6.1.18] AndroidManifest.xml:12:9-37
71
72    <uses-feature
72-->[org.osmdroid:osmdroid-android:6.1.18] AndroidManifest.xml:14:5-16:36
73        android:name="android.hardware.location.network"
73-->[org.osmdroid:osmdroid-android:6.1.18] AndroidManifest.xml:15:9-57
74        android:required="false" />
74-->[org.osmdroid:osmdroid-android:6.1.18] AndroidManifest.xml:16:9-33
75    <uses-feature
75-->[org.osmdroid:osmdroid-android:6.1.18] AndroidManifest.xml:17:5-19:36
76        android:name="android.hardware.location.gps"
76-->[org.osmdroid:osmdroid-android:6.1.18] AndroidManifest.xml:18:9-53
77        android:required="false" />
77-->[org.osmdroid:osmdroid-android:6.1.18] AndroidManifest.xml:19:9-33
78    <uses-feature
78-->[org.osmdroid:osmdroid-android:6.1.18] AndroidManifest.xml:20:5-22:36
79        android:name="android.hardware.telephony"
79-->[org.osmdroid:osmdroid-android:6.1.18] AndroidManifest.xml:21:9-50
80        android:required="false" />
80-->[org.osmdroid:osmdroid-android:6.1.18] AndroidManifest.xml:22:9-33
81    <uses-feature
81-->[org.osmdroid:osmdroid-android:6.1.18] AndroidManifest.xml:23:5-25:36
82        android:name="android.hardware.wifi"
82-->[org.osmdroid:osmdroid-android:6.1.18] AndroidManifest.xml:24:9-45
83        android:required="false" />
83-->[org.osmdroid:osmdroid-android:6.1.18] AndroidManifest.xml:25:9-33
84
85    <uses-permission android:name="android.permission.NFC" />
85-->[com.yubico.yubikit:android:2.3.0] AndroidManifest.xml:7:5-62
85-->[com.yubico.yubikit:android:2.3.0] AndroidManifest.xml:7:22-59
86
87    <uses-feature
87-->[com.yubico.yubikit:android:2.3.0] AndroidManifest.xml:9:5-11:36
88        android:name="android.hardware.usb.host"
88-->[com.yubico.yubikit:android:2.3.0] AndroidManifest.xml:10:9-49
89        android:required="false" />
89-->[com.yubico.yubikit:android:2.3.0] AndroidManifest.xml:11:9-33
90    <uses-feature
90-->[com.yubico.yubikit:android:2.3.0] AndroidManifest.xml:12:5-14:36
91        android:name="android.hardware.nfc"
91-->[com.yubico.yubikit:android:2.3.0] AndroidManifest.xml:13:9-44
92        android:required="false" />
92-->[com.yubico.yubikit:android:2.3.0] AndroidManifest.xml:14:9-33
93
94    <application
94-->src\main\AndroidManifest.xml:20:5-67:19
95        android:name="com.rahat.MainApplication"
95-->src\main\AndroidManifest.xml:21:7-47
96        android:allowBackup="false"
96-->src\main\AndroidManifest.xml:25:7-34
97        android:appComponentFactory="androidx.core.app.CoreComponentFactory"
97-->[androidx.core:core:1.12.0] AndroidManifest.xml:28:18-86
98        android:debuggable="true"
99        android:extractNativeLibs="false"
100        android:icon="@mipmap/ic_launcher"
100-->src\main\AndroidManifest.xml:23:7-41
101        android:label="@string/app_name"
101-->src\main\AndroidManifest.xml:22:7-39
102        android:roundIcon="@mipmap/ic_launcher_round"
102-->src\main\AndroidManifest.xml:24:7-52
103        android:supportsRtl="true"
103-->src\main\AndroidManifest.xml:28:7-33
104        android:testOnly="true"
105        android:theme="@style/Theme.AppCompat.Light.NoActionBar"
105-->src\main\AndroidManifest.xml:26:7-63
106        android:usesCleartextTraffic="true" >
106-->src\main\AndroidManifest.xml:27:7-42
107        <service
107-->src\main\AndroidManifest.xml:30:9-34:72
108            android:name="com.rahat.service.EmergencyForegroundService"
108-->src\main\AndroidManifest.xml:31:13-63
109            android:enabled="true"
109-->src\main\AndroidManifest.xml:32:13-35
110            android:exported="false"
110-->src\main\AndroidManifest.xml:33:13-37
111            android:foregroundServiceType="connectedDevice|location" />
111-->src\main\AndroidManifest.xml:34:13-69
112        <service
112-->src\main\AndroidManifest.xml:36:9-40:72
113            android:name="com.rahat.service.EmergencyBleService"
113-->src\main\AndroidManifest.xml:37:13-56
114            android:enabled="true"
114-->src\main\AndroidManifest.xml:38:13-35
115            android:exported="false"
115-->src\main\AndroidManifest.xml:39:13-37
116            android:foregroundServiceType="connectedDevice|location" />
116-->src\main\AndroidManifest.xml:40:13-69
117
118        <activity
118-->src\main\AndroidManifest.xml:42:7-53:18
119            android:name="com.rahat.MainActivity"
119-->src\main\AndroidManifest.xml:43:9-46
120            android:configChanges="keyboard|keyboardHidden|orientation|screenLayout|screenSize|smallestScreenSize|uiMode"
120-->src\main\AndroidManifest.xml:45:9-118
121            android:exported="true"
121-->src\main\AndroidManifest.xml:48:9-32
122            android:label="@string/app_name"
122-->src\main\AndroidManifest.xml:44:9-41
123            android:launchMode="singleTask"
123-->src\main\AndroidManifest.xml:46:9-40
124            android:windowSoftInputMode="adjustResize" >
124-->src\main\AndroidManifest.xml:47:9-51
125            <intent-filter>
125-->src\main\AndroidManifest.xml:49:9-52:25
126                <action android:name="android.intent.action.MAIN" />
126-->src\main\AndroidManifest.xml:50:13-65
126-->src\main\AndroidManifest.xml:50:21-62
127
128                <category android:name="android.intent.category.LAUNCHER" />
128-->src\main\AndroidManifest.xml:51:13-73
128-->src\main\AndroidManifest.xml:51:23-70
129            </intent-filter>
130        </activity>
131
132        <!-- MSAL Activity -->
133        <activity
133-->src\main\AndroidManifest.xml:56:7-66:18
134            android:name="com.microsoft.identity.client.BrowserTabActivity"
134-->src\main\AndroidManifest.xml:57:11-74
135            android:configChanges="orientation|keyboardHidden|screenSize|smallestScreenSize|screenLayout"
135-->[com.microsoft.identity.client:msal:5.1.0] AndroidManifest.xml:33:13-106
136            android:exported="true" >
136-->[com.microsoft.identity.client:msal:5.1.0] AndroidManifest.xml:34:13-36
137            <intent-filter>
137-->src\main\AndroidManifest.xml:58:11-65:27
138                <action android:name="android.intent.action.VIEW" />
138-->src\main\AndroidManifest.xml:59:15-67
138-->src\main\AndroidManifest.xml:59:23-64
139
140                <category android:name="android.intent.category.DEFAULT" />
140-->src\main\AndroidManifest.xml:60:15-74
140-->src\main\AndroidManifest.xml:60:25-71
141                <category android:name="android.intent.category.BROWSABLE" />
141-->src\main\AndroidManifest.xml:61:15-76
141-->src\main\AndroidManifest.xml:61:25-73
142
143                <data
143-->src\main\AndroidManifest.xml:62:15-64:59
144                    android:host="com.rahat"
144-->src\main\AndroidManifest.xml:63:21-45
145                    android:path="/YOUR_SIGNATURE_HASH"
145-->src\main\AndroidManifest.xml:64:21-56
146                    android:scheme="msauth" />
146-->src\main\AndroidManifest.xml:62:21-44
147            </intent-filter>
148        </activity>
149        <!-- MSAL activity that will be used to process all the auth related logic -->
150        <activity
150-->[com.microsoft.identity.client:msal:5.1.0] AndroidManifest.xml:13:9-17:47
151            android:name="com.microsoft.identity.common.internal.providers.oauth2.AuthorizationActivity"
151-->[com.microsoft.identity.client:msal:5.1.0] AndroidManifest.xml:14:13-105
152            android:configChanges="orientation|keyboardHidden|screenSize|smallestScreenSize|screenLayout|keyboard"
152-->[com.microsoft.identity.client:msal:5.1.0] AndroidManifest.xml:15:13-115
153            android:exported="false"
153-->[com.microsoft.identity.client:msal:5.1.0] AndroidManifest.xml:16:13-37
154            android:launchMode="singleTask" />
154-->[com.microsoft.identity.client:msal:5.1.0] AndroidManifest.xml:17:13-44
155        <activity
155-->[com.microsoft.identity.client:msal:5.1.0] AndroidManifest.xml:18:9-22:45
156            android:name="com.microsoft.identity.common.internal.providers.oauth2.CurrentTaskAuthorizationActivity"
156-->[com.microsoft.identity.client:msal:5.1.0] AndroidManifest.xml:19:13-116
157            android:configChanges="orientation|keyboardHidden|screenSize|smallestScreenSize|screenLayout|keyboard"
157-->[com.microsoft.identity.client:msal:5.1.0] AndroidManifest.xml:20:13-115
158            android:exported="false"
158-->[com.microsoft.identity.client:msal:5.1.0] AndroidManifest.xml:21:13-37
159            android:launchMode="standard" /> <!-- Helper activity for displaying current broker redirect URI configuration -->
159-->[com.microsoft.identity.client:msal:5.1.0] AndroidManifest.xml:22:13-42
160        <activity
160-->[com.microsoft.identity.client:msal:5.1.0] AndroidManifest.xml:25:9-28:45
161            android:name="com.microsoft.identity.client.helper.BrokerHelperActivity"
161-->[com.microsoft.identity.client:msal:5.1.0] AndroidManifest.xml:26:13-85
162            android:exported="false"
162-->[com.microsoft.identity.client:msal:5.1.0] AndroidManifest.xml:27:13-37
163            android:launchMode="standard" />
163-->[com.microsoft.identity.client:msal:5.1.0] AndroidManifest.xml:28:13-42
164        <activity
164-->[com.microsoft.identity.client:msal:5.1.0] AndroidManifest.xml:35:9-37:39
165            android:name="com.microsoft.identity.client.CurrentTaskBrowserTabActivity"
165-->[com.microsoft.identity.client:msal:5.1.0] AndroidManifest.xml:36:13-87
166            android:exported="true" /> <!-- Activity to invoke an interactive request to the intent passed by ad-accounts(Broker) -->
166-->[com.microsoft.identity.client:msal:5.1.0] AndroidManifest.xml:37:13-36
167        <activity
167-->[com.microsoft.identity:common:17.1.0] AndroidManifest.xml:54:9-56:99
168            android:name="com.microsoft.identity.common.internal.broker.BrokerActivity"
168-->[com.microsoft.identity:common:17.1.0] AndroidManifest.xml:55:13-88
169            android:configChanges="orientation|keyboardHidden|screenSize|screenLayout|keyboard" /> <!-- Activity to launch a install WPJ certificate activity and get the result -->
169-->[com.microsoft.identity:common:17.1.0] AndroidManifest.xml:56:13-96
170        <activity
170-->[com.microsoft.identity:common:17.1.0] AndroidManifest.xml:58:9-61:60
171            android:name="com.microsoft.identity.common.internal.broker.InstallCertActivityLauncher"
171-->[com.microsoft.identity:common:17.1.0] AndroidManifest.xml:59:13-101
172            android:configChanges="orientation|keyboardHidden|screenSize|screenLayout|keyboard"
172-->[com.microsoft.identity:common:17.1.0] AndroidManifest.xml:60:13-96
173            android:theme="@style/Theme.AppCompat.Light" />
173-->[com.microsoft.identity:common:17.1.0] AndroidManifest.xml:61:13-57
174
175        <service
175-->[androidx.credentials:credentials-play-services-auth:1.2.0] AndroidManifest.xml:24:9-32:19
176            android:name="androidx.credentials.playservices.CredentialProviderMetadataHolder"
176-->[androidx.credentials:credentials-play-services-auth:1.2.0] AndroidManifest.xml:25:13-94
177            android:enabled="true"
177-->[androidx.credentials:credentials-play-services-auth:1.2.0] AndroidManifest.xml:26:13-35
178            android:exported="false" >
178-->[androidx.credentials:credentials-play-services-auth:1.2.0] AndroidManifest.xml:27:13-37
179            <meta-data
179-->[androidx.credentials:credentials-play-services-auth:1.2.0] AndroidManifest.xml:29:13-31:104
180                android:name="androidx.credentials.CREDENTIAL_PROVIDER_KEY"
180-->[androidx.credentials:credentials-play-services-auth:1.2.0] AndroidManifest.xml:30:17-76
181                android:value="androidx.credentials.playservices.CredentialProviderPlayServicesImpl" />
181-->[androidx.credentials:credentials-play-services-auth:1.2.0] AndroidManifest.xml:31:17-101
182        </service>
183
184        <activity
184-->[androidx.credentials:credentials-play-services-auth:1.2.0] AndroidManifest.xml:34:9-41:20
185            android:name="androidx.credentials.playservices.HiddenActivity"
185-->[androidx.credentials:credentials-play-services-auth:1.2.0] AndroidManifest.xml:35:13-76
186            android:configChanges="orientation|screenSize|screenLayout|keyboardHidden"
186-->[androidx.credentials:credentials-play-services-auth:1.2.0] AndroidManifest.xml:36:13-87
187            android:enabled="true"
187-->[androidx.credentials:credentials-play-services-auth:1.2.0] AndroidManifest.xml:37:13-35
188            android:exported="false"
188-->[androidx.credentials:credentials-play-services-auth:1.2.0] AndroidManifest.xml:38:13-37
189            android:fitsSystemWindows="true"
189-->[androidx.credentials:credentials-play-services-auth:1.2.0] AndroidManifest.xml:39:13-45
190            android:theme="@style/Theme.Hidden" >
190-->[androidx.credentials:credentials-play-services-auth:1.2.0] AndroidManifest.xml:40:13-48
191        </activity>
192        <activity
192-->[com.google.android.gms:play-services-auth:20.7.0] AndroidManifest.xml:23:9-27:75
193            android:name="com.google.android.gms.auth.api.signin.internal.SignInHubActivity"
193-->[com.google.android.gms:play-services-auth:20.7.0] AndroidManifest.xml:24:13-93
194            android:excludeFromRecents="true"
194-->[com.google.android.gms:play-services-auth:20.7.0] AndroidManifest.xml:25:13-46
195            android:exported="false"
195-->[com.google.android.gms:play-services-auth:20.7.0] AndroidManifest.xml:26:13-37
196            android:theme="@android:style/Theme.Translucent.NoTitleBar" />
196-->[com.google.android.gms:play-services-auth:20.7.0] AndroidManifest.xml:27:13-72
197        <!--
198            Service handling Google Sign-In user revocation. For apps that do not integrate with
199            Google Sign-In, this service will never be started.
200        -->
201        <service
201-->[com.google.android.gms:play-services-auth:20.7.0] AndroidManifest.xml:33:9-37:51
202            android:name="com.google.android.gms.auth.api.signin.RevocationBoundService"
202-->[com.google.android.gms:play-services-auth:20.7.0] AndroidManifest.xml:34:13-89
203            android:exported="true"
203-->[com.google.android.gms:play-services-auth:20.7.0] AndroidManifest.xml:35:13-36
204            android:permission="com.google.android.gms.auth.api.signin.permission.REVOCATION_NOTIFICATION"
204-->[com.google.android.gms:play-services-auth:20.7.0] AndroidManifest.xml:36:13-107
205            android:visibleToInstantApps="true" />
205-->[com.google.android.gms:play-services-auth:20.7.0] AndroidManifest.xml:37:13-48
206        <service
206-->[com.google.firebase:firebase-auth-ktx:22.3.0] AndroidManifest.xml:8:9-14:19
207            android:name="com.google.firebase.components.ComponentDiscoveryService"
207-->[com.google.firebase:firebase-auth-ktx:22.3.0] AndroidManifest.xml:9:13-84
208            android:directBootAware="true"
208-->[com.google.firebase:firebase-common:20.4.2] AndroidManifest.xml:32:13-43
209            android:exported="false" >
209-->[com.google.firebase:firebase-auth-ktx:22.3.0] AndroidManifest.xml:10:13-37
210            <meta-data
210-->[com.google.firebase:firebase-auth-ktx:22.3.0] AndroidManifest.xml:11:13-13:85
211                android:name="com.google.firebase.components:com.google.firebase.auth.ktx.FirebaseAuthLegacyRegistrar"
211-->[com.google.firebase:firebase-auth-ktx:22.3.0] AndroidManifest.xml:12:17-119
212                android:value="com.google.firebase.components.ComponentRegistrar" />
212-->[com.google.firebase:firebase-auth-ktx:22.3.0] AndroidManifest.xml:13:17-82
213            <meta-data
213-->[com.google.firebase:firebase-auth:22.3.0] AndroidManifest.xml:69:13-71:85
214                android:name="com.google.firebase.components:com.google.firebase.auth.FirebaseAuthRegistrar"
214-->[com.google.firebase:firebase-auth:22.3.0] AndroidManifest.xml:70:17-109
215                android:value="com.google.firebase.components.ComponentRegistrar" />
215-->[com.google.firebase:firebase-auth:22.3.0] AndroidManifest.xml:71:17-82
216            <meta-data
216-->[com.google.firebase:firebase-firestore-ktx:24.10.0] AndroidManifest.xml:12:13-14:85
217                android:name="com.google.firebase.components:com.google.firebase.firestore.ktx.FirebaseFirestoreLegacyRegistrar"
217-->[com.google.firebase:firebase-firestore-ktx:24.10.0] AndroidManifest.xml:13:17-129
218                android:value="com.google.firebase.components.ComponentRegistrar" />
218-->[com.google.firebase:firebase-firestore-ktx:24.10.0] AndroidManifest.xml:14:17-82
219            <meta-data
219-->[com.google.firebase:firebase-firestore:24.10.0] AndroidManifest.xml:17:13-19:85
220                android:name="com.google.firebase.components:com.google.firebase.firestore.FirebaseFirestoreKtxRegistrar"
220-->[com.google.firebase:firebase-firestore:24.10.0] AndroidManifest.xml:18:17-122
221                android:value="com.google.firebase.components.ComponentRegistrar" />
221-->[com.google.firebase:firebase-firestore:24.10.0] AndroidManifest.xml:19:17-82
222            <meta-data
222-->[com.google.firebase:firebase-firestore:24.10.0] AndroidManifest.xml:20:13-22:85
223                android:name="com.google.firebase.components:com.google.firebase.firestore.FirestoreRegistrar"
223-->[com.google.firebase:firebase-firestore:24.10.0] AndroidManifest.xml:21:17-111
224                android:value="com.google.firebase.components.ComponentRegistrar" />
224-->[com.google.firebase:firebase-firestore:24.10.0] AndroidManifest.xml:22:17-82
225            <meta-data
225-->[com.google.firebase:firebase-common-ktx:20.4.2] AndroidManifest.xml:12:13-14:85
226                android:name="com.google.firebase.components:com.google.firebase.ktx.FirebaseCommonLegacyRegistrar"
226-->[com.google.firebase:firebase-common-ktx:20.4.2] AndroidManifest.xml:13:17-116
227                android:value="com.google.firebase.components.ComponentRegistrar" />
227-->[com.google.firebase:firebase-common-ktx:20.4.2] AndroidManifest.xml:14:17-82
228            <meta-data
228-->[com.google.firebase:firebase-common:20.4.2] AndroidManifest.xml:35:13-37:85
229                android:name="com.google.firebase.components:com.google.firebase.FirebaseCommonKtxRegistrar"
229-->[com.google.firebase:firebase-common:20.4.2] AndroidManifest.xml:36:17-109
230                android:value="com.google.firebase.components.ComponentRegistrar" />
230-->[com.google.firebase:firebase-common:20.4.2] AndroidManifest.xml:37:17-82
231        </service>
232
233        <activity
233-->[com.google.firebase:firebase-auth:22.3.0] AndroidManifest.xml:29:9-46:20
234            android:name="com.google.firebase.auth.internal.GenericIdpActivity"
234-->[com.google.firebase:firebase-auth:22.3.0] AndroidManifest.xml:30:13-80
235            android:excludeFromRecents="true"
235-->[com.google.firebase:firebase-auth:22.3.0] AndroidManifest.xml:31:13-46
236            android:exported="true"
236-->[com.google.firebase:firebase-auth:22.3.0] AndroidManifest.xml:32:13-36
237            android:launchMode="singleTask"
237-->[com.google.firebase:firebase-auth:22.3.0] AndroidManifest.xml:33:13-44
238            android:theme="@android:style/Theme.Translucent.NoTitleBar" >
238-->[com.google.firebase:firebase-auth:22.3.0] AndroidManifest.xml:34:13-72
239            <intent-filter>
239-->[com.google.firebase:firebase-auth:22.3.0] AndroidManifest.xml:35:13-45:29
240                <action android:name="android.intent.action.VIEW" />
240-->src\main\AndroidManifest.xml:59:15-67
240-->src\main\AndroidManifest.xml:59:23-64
241
242                <category android:name="android.intent.category.DEFAULT" />
242-->src\main\AndroidManifest.xml:60:15-74
242-->src\main\AndroidManifest.xml:60:25-71
243                <category android:name="android.intent.category.BROWSABLE" />
243-->src\main\AndroidManifest.xml:61:15-76
243-->src\main\AndroidManifest.xml:61:25-73
244
245                <data
245-->src\main\AndroidManifest.xml:62:15-64:59
246                    android:host="firebase.auth"
246-->src\main\AndroidManifest.xml:63:21-45
247                    android:path="/"
247-->src\main\AndroidManifest.xml:64:21-56
248                    android:scheme="genericidp" />
248-->src\main\AndroidManifest.xml:62:21-44
249            </intent-filter>
250        </activity>
251        <activity
251-->[com.google.firebase:firebase-auth:22.3.0] AndroidManifest.xml:47:9-64:20
252            android:name="com.google.firebase.auth.internal.RecaptchaActivity"
252-->[com.google.firebase:firebase-auth:22.3.0] AndroidManifest.xml:48:13-79
253            android:excludeFromRecents="true"
253-->[com.google.firebase:firebase-auth:22.3.0] AndroidManifest.xml:49:13-46
254            android:exported="true"
254-->[com.google.firebase:firebase-auth:22.3.0] AndroidManifest.xml:50:13-36
255            android:launchMode="singleTask"
255-->[com.google.firebase:firebase-auth:22.3.0] AndroidManifest.xml:51:13-44
256            android:theme="@android:style/Theme.Translucent.NoTitleBar" >
256-->[com.google.firebase:firebase-auth:22.3.0] AndroidManifest.xml:52:13-72
257            <intent-filter>
257-->[com.google.firebase:firebase-auth:22.3.0] AndroidManifest.xml:53:13-63:29
258                <action android:name="android.intent.action.VIEW" />
258-->src\main\AndroidManifest.xml:59:15-67
258-->src\main\AndroidManifest.xml:59:23-64
259
260                <category android:name="android.intent.category.DEFAULT" />
260-->src\main\AndroidManifest.xml:60:15-74
260-->src\main\AndroidManifest.xml:60:25-71
261                <category android:name="android.intent.category.BROWSABLE" />
261-->src\main\AndroidManifest.xml:61:15-76
261-->src\main\AndroidManifest.xml:61:25-73
262
263                <data
263-->src\main\AndroidManifest.xml:62:15-64:59
264                    android:host="firebase.auth"
264-->src\main\AndroidManifest.xml:63:21-45
265                    android:path="/"
265-->src\main\AndroidManifest.xml:64:21-56
266                    android:scheme="recaptcha" />
266-->src\main\AndroidManifest.xml:62:21-44
267            </intent-filter>
268        </activity>
269        <activity
269-->[com.google.android.gms:play-services-base:18.1.0] AndroidManifest.xml:20:9-22:45
270            android:name="com.google.android.gms.common.api.GoogleApiActivity"
270-->[com.google.android.gms:play-services-base:18.1.0] AndroidManifest.xml:20:19-85
271            android:exported="false"
271-->[com.google.android.gms:play-services-base:18.1.0] AndroidManifest.xml:22:19-43
272            android:theme="@android:style/Theme.Translucent.NoTitleBar" />
272-->[com.google.android.gms:play-services-base:18.1.0] AndroidManifest.xml:21:19-78
273
274        <provider
274-->[com.google.firebase:firebase-common:20.4.2] AndroidManifest.xml:23:9-28:39